<?xml version="1.0" encoding="UTF-8"?>
<!-- Generated by org.testng.reporters.JUnitReportReporter -->
<testsuite hostname="DOLAP768" failures="0" tests="1" name="tests.SampleTest" time="24.133" errors="0" timestamp="2025-08-09T15:47:23 IST" skipped="0">
  <testcase classname="tests.SampleTest" name="openGoogle" time="24.133"/>
</testsuite> <!-- tests.SampleTest -->
