<?xml version="1.0" encoding="UTF-8"?>
<!-- Generated by org.testng.reporters.JUnitReportReporter -->
<testsuite hostname="DOLAP768" failures="0" tests="1" name="tests.LoginTest" time="37.175" errors="0" timestamp="2025-08-08T14:15:16 IST" skipped="0">
  <testcase classname="tests.LoginTest" name="loginTest" time="37.175"/>
</testsuite> <!-- tests.LoginTest -->
