<?xml version="1.0" encoding="UTF-8"?>
<!-- Generated by org.testng.reporters.JUnitReportReporter -->
<testsuite hostname="DOLAP768" failures="0" tests="1" name="tests.LoginTest" time="56.782" errors="0" timestamp="2025-08-08T23:00:16 IST" skipped="0">
  <testcase classname="tests.LoginTest" name="loginTest" time="56.782"/>
</testsuite> <!-- tests.LoginTest -->
