<?xml version="1.0" encoding="UTF-8"?>
<!-- Generated by org.testng.reporters.JUnitReportReporter -->
<testsuite hostname="DOLAP768" failures="0" tests="1" name="tests.SampleTest" time="4.102" errors="0" timestamp="2025-08-10T16:39:20 IST" skipped="0">
  <testcase classname="tests.SampleTest" name="testGoogleSearch" time="4.102"/>
</testsuite> <!-- tests.SampleTest -->
